<?xml version="1.0" encoding="UTF-8"?>
<!-- Generated by org.testng.reporters.JUnitReportReporter -->
<testsuite hostname="Shahadab" failures="0" tests="1" name="com.firstAutomation.testCases.TC1_Logintest_001" time="27.161" errors="0" timestamp="2023-08-06T17:44:25 IST" skipped="0">
  <testcase classname="com.firstAutomation.testCases.TC1_Logintest_001" name="loginpg" time="27.161"/>
  <system-out/>
</testsuite> <!-- com.firstAutomation.testCases.TC1_Logintest_001 -->
